#
# There is insufficient memory for the Java Runtime Environment to continue.
# Native memory allocation (mmap) failed to map 266338304 bytes. Error detail: G1 virtual space
# Possible reasons:
#   The system is out of physical RAM or swap space
#   This process is running with CompressedOops enabled, and the Java Heap may be blocking the growth of the native heap
# Possible solutions:
#   Reduce memory load on the system
#   Increase physical memory or swap space
#   Check if swap backing store is full
#   Decrease Java heap size (-Xmx/-Xms)
#   Decrease number of Java threads
#   Decrease Java thread stack sizes (-Xss)
#   Set larger code cache with -XX:ReservedCodeCacheSize=
#   JVM is running with Zero Based Compressed Oops mode in which the Java heap is
#     placed in the first 32GB address space. The Java Heap base address is the
#     maximum limit for the native heap growth. Please use -XX:HeapBaseMinAddress
#     to set the Java Heap base and to place the Java Heap above 32GB virtual address.
# This output file may be truncated or incomplete.
#
#  Out of Memory Error (os_windows.cpp:3925), pid=2544, tid=12788
#
# JRE version:  (21.0.8) (build )
# Java VM: OpenJDK 64-Bit Server VM (21.0.8+-14196175-b1038.72, mixed mode, sharing, tiered, compressed oops, compressed class ptrs, g1 gc, windows-amd64)
# No core dump will be written. Minidumps are not enabled by default on client versions of Windows
#

---------------  S U M M A R Y ------------

Command Line: git4idea.http.GitAskPassApp Username for 'https://github.com': 

Host: AMD Ryzen 5 4500 6-Core Processor              , 12 cores, 15G,  Windows 11 , 64 bit Build 22621 (10.0.22621.3958)
Time: Wed Dec  3 20:27:30 2025 Malay Peninsula Standard Time elapsed time: 0.010198 seconds (0d 0h 0m 0s)

---------------  T H R E A D  ---------------

Current thread (0x000001a2033b27b0):  JavaThread "Unknown thread" [_thread_in_vm, id=12788, stack(0x00000087fab00000,0x00000087fac00000) (1024K)]

Stack: [0x00000087fab00000,0x00000087fac00000]
Native frames: (J=compiled Java code, j=interpreted, Vv=VM code, C=native code)
V  [jvm.dll+0x6d68d9]
V  [jvm.dll+0x866693]
V  [jvm.dll+0x868c4e]
V  [jvm.dll+0x869333]
V  [jvm.dll+0x280566]
V  [jvm.dll+0x6d3195]
V  [jvm.dll+0x6c69ea]
V  [jvm.dll+0x3586db]
V  [jvm.dll+0x360336]
V  [jvm.dll+0x3b23f6]
V  [jvm.dll+0x3b26c8]
V  [jvm.dll+0x32ae6c]
V  [jvm.dll+0x32bb5b]
V  [jvm.dll+0x82e109]
V  [jvm.dll+0x3bf5c8]
V  [jvm.dll+0x817388]
V  [jvm.dll+0x453b6e]
V  [jvm.dll+0x4552d1]
C  [jli.dll+0x52ab]
C  [ucrtbase.dll+0x29333]
C  [KERNEL32.DLL+0x1257d]
C  [ntdll.dll+0x5af08]


---------------  P R O C E S S  ---------------

Threads class SMR info:
_java_thread_list=0x00007ffd23a9b988, length=0, elements={
}

Java Threads: ( => current thread )
Total: 0

Other Threads:
  0x000001a2057fde80 WorkerThread "GC Thread#0"                     [id=7544, stack(0x00000087fac00000,0x00000087fad00000) (1024K)]
  0x000001a20580ed90 ConcurrentGCThread "G1 Main Marker"            [id=4224, stack(0x00000087fad00000,0x00000087fae00000) (1024K)]
  0x000001a2058108a0 WorkerThread "G1 Conc#0"                       [id=9372, stack(0x00000087fae00000,0x00000087faf00000) (1024K)]

[error occurred during error reporting (printing all threads), id 0xc0000005, EXCEPTION_ACCESS_VIOLATION (0xc0000005) at pc=0x00007ffd2328ddd7]
VM state: not at safepoint (not fully initialized)

VM Mutex/Monitor currently owned by a thread:  ([mutex/lock_event])
[0x00007ffd23b086b8] Heap_lock - owner thread: 0x000001a2033b27b0

Heap address: 0x0000000702400000, size: 4060 MB, Compressed Oops mode: Zero based, Oop shift amount: 3

CDS archive(s) mapped at: [0x0000000000000000-0x0000000000000000-0x0000000000000000), size 0, SharedBaseAddress: 0x0000000800000000, ArchiveRelocationMode: 1.
Narrow klass base: 0x0000000000000000, Narrow klass shift: 0, Narrow klass range: 0x0

GC Precious Log:
 CardTable entry size: 512
 Card Set container configuration: InlinePtr #cards 4 size 8 Array Of Cards #cards 16 size 48 Howl #buckets 8 coarsen threshold 3686 Howl Bitmap #cards 512 size 80 coarsen threshold 460 Card regions per heap region 1 cards per card region 4096

Heap:
 garbage-first heap   total 0K, used 0K [0x0000000702400000, 0x0000000800000000)
  region size 2048K, 0 young (0K), 0 survivors (0K)
 Metaspace       used 0K, committed 0K, reserved 0K
  class space    used 0K, committed 0K, reserved 0K

Heap Regions: E=young(eden), S=young(survivor), O=old, HS=humongous(starts), HC=humongous(continues), CS=collection set, F=free, TAMS=top-at-mark-start, PB=parsable bottom

Card table byte_map: [0x000001a218640000,0x000001a218e30000] _byte_map_base: 0x000001a214e2e000

Marking Bits: (CMBitMap*) 0x000001a2057fe580
 Bits: [0x000001a218e30000, 0x000001a21cda0000)

GC Heap History (0 events):
No events

Dll operation events (1 events):
Event: 0.006 Loaded shared library C:\Program Files\Android\Android Studio\jbr\bin\java.dll

Deoptimization events (0 events):
No events

Classes loaded (0 events):
No events

Classes unloaded (0 events):
No events

Classes redefined (0 events):
No events

Internal exceptions (0 events):
No events

ZGC Phase Switch (0 events):
No events

VM Operations (0 events):
No events

Memory protections (0 events):
No events

Nmethod flushes (0 events):
No events

Events (0 events):
No events


Dynamic libraries:
0x00007ff7c0f70000 - 0x00007ff7c0f7a000 	C:\Program Files\Android\Android Studio\jbr\bin\java.exe
0x00007ffd903b0000 - 0x00007ffd905c7000 	C:\WINDOWS\SYSTEM32\ntdll.dll
0x00007ffd8f4c0000 - 0x00007ffd8f584000 	C:\WINDOWS\System32\KERNEL32.DLL
0x00007ffd8dcb0000 - 0x00007ffd8e067000 	C:\WINDOWS\System32\KERNELBASE.dll
0x00007ffd8d930000 - 0x00007ffd8da41000 	C:\WINDOWS\System32\ucrtbase.dll
0x00007ffd88880000 - 0x00007ffd88898000 	C:\Program Files\Android\Android Studio\jbr\bin\jli.dll
0x00007ffd86f10000 - 0x00007ffd86f2b000 	C:\Program Files\Android\Android Studio\jbr\bin\VCRUNTIME140.dll
0x00007ffd8f300000 - 0x00007ffd8f4af000 	C:\WINDOWS\System32\USER32.dll
0x00007ffd7dc10000 - 0x00007ffd7dea3000 	C:\WINDOWS\WinSxS\amd64_microsoft.windows.common-controls_6595b64144ccf1df_6.0.22621.3672_none_2713b9d173822955\COMCTL32.dll
0x00007ffd8da50000 - 0x00007ffd8da76000 	C:\WINDOWS\System32\win32u.dll
0x00007ffd8ecd0000 - 0x00007ffd8ecf9000 	C:\WINDOWS\System32\GDI32.dll
0x00007ffd8eb90000 - 0x00007ffd8ec37000 	C:\WINDOWS\System32\msvcrt.dll
0x00007ffd8d6c0000 - 0x00007ffd8d7d8000 	C:\WINDOWS\System32\gdi32full.dll
0x00007ffd8d890000 - 0x00007ffd8d92a000 	C:\WINDOWS\System32\msvcp_win.dll
0x00007ffd8e140000 - 0x00007ffd8e171000 	C:\WINDOWS\System32\IMM32.DLL
0x00007ffd86f00000 - 0x00007ffd86f0c000 	C:\Program Files\Android\Android Studio\jbr\bin\vcruntime140_1.dll
0x00007ffd24630000 - 0x00007ffd246bd000 	C:\Program Files\Android\Android Studio\jbr\bin\msvcp140.dll
0x00007ffd22f50000 - 0x00007ffd23be6000 	C:\Program Files\Android\Android Studio\jbr\bin\server\jvm.dll
0x00007ffd8fcb0000 - 0x00007ffd8fd62000 	C:\WINDOWS\System32\ADVAPI32.dll
0x00007ffd8eae0000 - 0x00007ffd8eb88000 	C:\WINDOWS\System32\sechost.dll
0x00007ffd8d7e0000 - 0x00007ffd8d808000 	C:\WINDOWS\System32\bcrypt.dll
0x00007ffd8f920000 - 0x00007ffd8fa34000 	C:\WINDOWS\System32\RPCRT4.dll
0x00007ffd8fe20000 - 0x00007ffd8fe91000 	C:\WINDOWS\System32\WS2_32.dll
0x00007ffd8ca10000 - 0x00007ffd8ca5d000 	C:\WINDOWS\SYSTEM32\POWRPROF.dll
0x00007ffd86d00000 - 0x00007ffd86d34000 	C:\WINDOWS\SYSTEM32\WINMM.dll
0x00007ffd85d60000 - 0x00007ffd85d6a000 	C:\WINDOWS\SYSTEM32\VERSION.dll
0x00007ffd8c990000 - 0x00007ffd8c9a3000 	C:\WINDOWS\SYSTEM32\UMPDC.dll
0x00007ffd8c780000 - 0x00007ffd8c798000 	C:\WINDOWS\SYSTEM32\kernel.appcore.dll
0x00007ffd86ef0000 - 0x00007ffd86efa000 	C:\Program Files\Android\Android Studio\jbr\bin\jimage.dll
0x00007ffd8af60000 - 0x00007ffd8b192000 	C:\WINDOWS\SYSTEM32\DBGHELP.DLL
0x00007ffd8f590000 - 0x00007ffd8f91e000 	C:\WINDOWS\System32\combase.dll
0x00007ffd8fbb0000 - 0x00007ffd8fc87000 	C:\WINDOWS\System32\OLEAUT32.dll
0x00007ffd3c360000 - 0x00007ffd3c392000 	C:\WINDOWS\SYSTEM32\dbgcore.DLL
0x00007ffd8d810000 - 0x00007ffd8d88b000 	C:\WINDOWS\System32\bcryptPrimitives.dll
0x00007ffd86d80000 - 0x00007ffd86da0000 	C:\Program Files\Android\Android Studio\jbr\bin\java.dll

JVMTI agents: none

dbghelp: loaded successfully - version: 4.0.5 - missing functions: none
symbol engine: initialized successfully - sym options: 0x614 - pdb path: .;C:\Program Files\Android\Android Studio\jbr\bin;C:\WINDOWS\SYSTEM32;C:\WINDOWS\WinSxS\amd64_microsoft.windows.common-controls_6595b64144ccf1df_6.0.22621.3672_none_2713b9d173822955;C:\Program Files\Android\Android Studio\jbr\bin\server

VM Arguments:
java_command: git4idea.http.GitAskPassApp Username for 'https://github.com': 
java_class_path (initial): C:/Program Files/Android/Android Studio/plugins/vcs-git/lib/git4idea-rt.jar;C:/Program Files/Android/Android Studio/lib/externalProcess-rt.jar
Launcher Type: SUN_STANDARD

[Global flags]
     intx CICompilerCount                          = 4                                         {product} {ergonomic}
     uint ConcGCThreads                            = 3                                         {product} {ergonomic}
     uint G1ConcRefinementThreads                  = 10                                        {product} {ergonomic}
   size_t G1HeapRegionSize                         = 2097152                                   {product} {ergonomic}
    uintx GCDrainStackTargetSize                   = 64                                        {product} {ergonomic}
   size_t InitialHeapSize                          = 266338304                                 {product} {ergonomic}
   size_t MarkStackSize                            = 4194304                                   {product} {ergonomic}
   size_t MaxHeapSize                              = 4257218560                                {product} {ergonomic}
   size_t MinHeapDeltaBytes                        = 2097152                                   {product} {ergonomic}
   size_t MinHeapSize                              = 8388608                                   {product} {ergonomic}
    uintx NonNMethodCodeHeapSize                   = 5839372                                {pd product} {ergonomic}
    uintx NonProfiledCodeHeapSize                  = 122909434                              {pd product} {ergonomic}
    uintx ProfiledCodeHeapSize                     = 122909434                              {pd product} {ergonomic}
    uintx ReservedCodeCacheSize                    = 251658240                              {pd product} {ergonomic}
     bool SegmentedCodeCache                       = true                                      {product} {ergonomic}
   size_t SoftMaxHeapSize                          = 4257218560                             {manageable} {ergonomic}
     bool UseCompressedOops                        = true                           {product lp64_product} {ergonomic}
     bool UseG1GC                                  = true                                      {product} {ergonomic}
     bool UseLargePagesIndividualAllocation        = false                                  {pd product} {ergonomic}

Logging:
Log output configuration:
 #0: stdout all=warning uptime,level,tags foldmultilines=false
 #1: stderr all=off uptime,level,tags foldmultilines=false

Environment Variables:
JAVA_HOME=C:\Java\jdk-17.0.12
PATH=C:\Program Files\Git\mingw64\libexec\git-core;C:\Program Files\Git\mingw64\libexec\git-core;C:\Program Files\Git\mingw64\bin;C:\Program Files\Git\usr\bin;C:\Users\user\bin;C:\Java\jdk-17.0.12\bin;C:\Windows\system32;C:\Windows;C:\Windows\System32\Wbem;C:\Windows\System32\WindowsPowerShell\v1.0;C:\Windows\System32\OpenSSH;C:\Program Files\NVIDIA Corporation\NVIDIA NvDLISR;C:\Program Files\Mongo\mongosh-2.0.0-win32-x64\bin;C:\Program Files (x86)\NVIDIA Corporation\PhysX\Common;C:\WINDOWS\system32;C:\WINDOWS;C:\WINDOWS\System32\Wbem;C:\WINDOWS\System32\WindowsPowerShell\v1.0;C:\WINDOWS\System32\OpenSSH;C:\Program Files\NVIDIA Corporation\NVIDIA app\NvDLISR;C:\Program Files\Git\cmd;C:\Users\user\AppData\Local\Programs\Python\Launcher;C:\Users\user\AppData\Local\Microsoft\WindowsApps;C:\Users\user\AppData\Local\Programs\Microsoft VS Code\bin;C:\Program Files\JetBrains\PyCharm Community Edition 2023.3.3\bin;C:\Program Files\JetBrains\IntelliJ IDEA Community Edition 2023.3.3\bin;C:\Users\user\flutter\bin
USERNAME=user
DISPLAY=:0.0
LC_ALL=en_US.UTF-8
TERM=xterm-256color
TMPDIR=C:\Users\user\AppData\Local\Temp
OS=Windows_NT
PROCESSOR_IDENTIFIER=AMD64 Family 23 Model 96 Stepping 1, AuthenticAMD
TMP=C:\Users\user\AppData\Local\Temp
TEMP=C:\Users\user\AppData\Local\Temp




Periodic native trim disabled

JNI global refs:
JNI global refs: 0, weak refs: 0

JNI global refs memory usage: 0, weak refs: 0

Process memory usage:
Resident Set Size: 11784K (0% of 16622692K total physical memory with 3553416K free physical memory)

OOME stack traces (most recent first):
Classloader memory used:

---------------  S Y S T E M  ---------------

OS:
 Windows 11 , 64 bit Build 22621 (10.0.22621.3958)
OS uptime: 0 days 5:48 hours

CPU: total 12 (initial active 12) (12 cores per cpu, 2 threads per core) family 23 model 96 stepping 1 microcode 0x0, cx8, cmov, fxsr, ht, mmx, 3dnowpref, sse, sse2, sse3, ssse3, sse4a, sse4.1, sse4.2, popcnt, lzcnt, tsc, tscinvbit, avx, avx2, aes, clmul, bmi1, bmi2, adx, sha, fma, vzeroupper, clflush, clflushopt, rdtscp, rdpid, f16c
Processor Information for the first 12 processors :
  Max Mhz: 3600, Current Mhz: 3600, Mhz Limit: 3600

Memory: 4k page, system-wide physical 16233M (3470M free)
TotalPageFile size 46654M (AvailPageFile size 90M)
current process WorkingSet (physical memory assigned to process): 11M, peak: 11M
current process commit charge ("private bytes"): 64M, peak: 318M

vm_info: OpenJDK 64-Bit Server VM (21.0.8+-14196175-b1038.72) for windows-amd64 JRE (21.0.8+-14196175-b1038.72), built on 2025-10-01T10:24:33Z by "builder" with MS VC++ 16.10 / 16.11 (VS2019)

END.
